<?xml version="1.0" encoding="UTF-8"?>
<!-- Generated by org.testng.reporters.JUnitReportReporter -->
<testsuite skipped="0" hostname="Home" name="seleniumFramework.CreateAccountTest" tests="2" failures="0" timestamp="17 Oct 2017 13:32:51 GMT" time="13.868" errors="0">
  <testcase name="openurl" time="11.259" classname="seleniumFramework.CreateAccountTest"/>
  <testcase name="creatAcc" time="2.609" classname="seleniumFramework.CreateAccountTest"/>
</testsuite> <!-- seleniumFramework.CreateAccountTest -->
