<?xml version="1.0" encoding="UTF-8"?>
<!-- Generated by org.testng.reporters.JUnitReportReporter -->
<testsuite hostname="Home" name="seleniumFramework.CreateAccountTest" tests="2" failures="0" timestamp="17 Oct 2017 13:30:12 GMT" time="20.577" errors="0">
  <testcase name="creatAcc" time="3.690" classname="seleniumFramework.CreateAccountTest"/>
  <testcase name="openurl" time="16.887" classname="seleniumFramework.CreateAccountTest"/>
</testsuite> <!-- seleniumFramework.CreateAccountTest -->
